<?xml version="1.0" encoding="UTF-8"?>
<!-- Generated by org.testng.reporters.JUnitXMLReporter -->
<testsuite hostname="DESKTOP-ST2MFMV" ignored="0" name="Default test" tests="6" failures="0" timestamp="21 Apr 2017 20:02:46 GMT" time="7.186" errors="0">
  <testcase name="assertErrorCodes" time="2.646" classname="tests.ValidateSchemes"/>
  <testcase name="assertStatusCodes1" time="1.694" classname="tests.ValidateSchemes"/>
  <testcase name="assertStatusCodes2" time="1.25" classname="tests.ValidateSchemes"/>
  <testcase name="assertStatusCodes3" time="0.449" classname="tests.ValidateSchemes"/>
  <testcase name="assertStatusCodes4" time="0.784" classname="tests.ValidateSchemes"/>
  <testcase name="validateSchemeForecast" time="0.326" classname="tests.ValidateSchemes"/>
</testsuite> <!-- Default test -->
